{
  "RSpec": {
    "coverage": {
      "/Users/ellistrickett/daily_diary/app.rb": {
        "lines": [
          1,
          1,
          null,
          1,
          1,
          2,
          2,
          2,
          null,
          null,
          null
        ]
      },
      "/Users/ellistrickett/daily_diary/lib/diary.rb": {
        "lines": [
          1,
          null,
          1,
          null,
          1,
          null,
          1,
          9,
          null,
          null,
          1,
          null,
          2,
          null,
          2,
          2,
          null,
          0,
          null,
          null,
          2,
          2,
          9,
          null,
          null,
          2,
          null,
          null,
          null
        ]
      },
      "/Users/ellistrickett/daily_diary/spec/features/homepage_spec.rb": {
        "lines": [
          1,
          1,
          1,
          1,
          null,
          null,
          1,
          1,
          null,
          1,
          1,
          1,
          null,
          1,
          1,
          1,
          1,
          null,
          null
        ]
      },
      "/Users/ellistrickett/daily_diary/spec/unit/diary_spec.rb": {
        "lines": [

        ]
      }
    },
    "timestamp": 1588842839
  }
}
