{
  "RSpec": {
    "coverage": {
      "/Users/ellistrickett/daily_diary/spec/setup_test_database.rb": {
        "lines": [
          1,
          null,
          1,
          5,
          null,
          5,
          null,
          null,
          5,
          null
        ]
      },
      "/Users/ellistrickett/daily_diary/app.rb": {
        "lines": [
          1,
          1,
          null,
          1,
          null,
          1,
          8,
          8,
          8,
          null,
          null,
          1,
          3,
          3,
          null,
          null,
          1,
          1,
          1,
          null,
          null,
          null,
          null,
          null
        ]
      },
      "/Users/ellistrickett/daily_diary/lib/entry.rb": {
        "lines": [
          1,
          null,
          1,
          null,
          1,
          null,
          1,
          7,
          7,
          7,
          7,
          null,
          null,
          1,
          null,
          8,
          null,
          8,
          8,
          6,
          null,
          null,
          8,
          null,
          null,
          1,
          3,
          null,
          null,
          1,
          null,
          1,
          1,
          null,
          null,
          1,
          null,
          1,
          12,
          12,
          null,
          0,
          null,
          null,
          null,
          null
        ]
      },
      "/Users/ellistrickett/daily_diary/spec/features/add_entry_spec.rb": {
        "lines": [
          1,
          1,
          1,
          null,
          1,
          1,
          null,
          1,
          null,
          null
        ]
      },
      "/Users/ellistrickett/daily_diary/spec/features/entry_page_spec.rb": {
        "lines": [
          1,
          1,
          1,
          null,
          1,
          1,
          null,
          1,
          null,
          1,
          null,
          null,
          null
        ]
      },
      "/Users/ellistrickett/daily_diary/spec/features/homepage_spec.rb": {
        "lines": [
          1,
          1,
          1,
          1,
          null,
          null,
          1,
          1,
          null,
          1,
          1,
          1,
          null,
          1,
          1,
          1,
          1,
          null,
          null
        ]
      },
      "/Users/ellistrickett/daily_diary/spec/features/interactive_title_spec.rb": {
        "lines": [
          1,
          1,
          1,
          null,
          1,
          1,
          null,
          1,
          null,
          null
        ]
      },
      "/Users/ellistrickett/daily_diary/spec/unit/diary_spec.rb": {
        "lines": [

        ]
      }
    },
    "timestamp": 1588854456
  }
}
